<?xml version="1.0" encoding="UTF-8"?>
<testng-results skipped="0" failed="0" ignored="0" total="1" passed="1">
  <reporter-output>
  </reporter-output>
  <suite name="Suite" duration-ms="75905" started-at="2018-02-24T08:45:44Z" finished-at="2018-02-24T08:47:00Z">
    <groups>
    </groups>
    <test name="Test" duration-ms="75905" started-at="2018-02-24T08:45:44Z" finished-at="2018-02-24T08:47:00Z">
      <class name="com.AutomationFramework.LoadTest01">
        <test-method status="PASS" signature="beforeClass()[pri:0, instance:com.AutomationFramework.LoadTest01@3e6fa38a]" name="beforeClass" is-config="true" duration-ms="5304" started-at="2018-02-24T14:15:44Z" finished-at="2018-02-24T14:15:49Z">
          <reporter-output>
          </reporter-output>
        </test-method> <!-- beforeClass -->
        <test-method status="PASS" signature="verifySearchButton()[pri:0, instance:com.AutomationFramework.LoadTest01@3e6fa38a]" name="verifySearchButton" duration-ms="69737" started-at="2018-02-24T14:15:49Z" finished-at="2018-02-24T14:16:59Z">
          <reporter-output>
          </reporter-output>
        </test-method> <!-- verifySearchButton -->
        <test-method status="PASS" signature="afterClass()[pri:0, instance:com.AutomationFramework.LoadTest01@3e6fa38a]" name="afterClass" is-config="true" duration-ms="831" started-at="2018-02-24T14:16:59Z" finished-at="2018-02-24T14:17:00Z">
          <reporter-output>
          </reporter-output>
        </test-method> <!-- afterClass -->
      </class> <!-- com.AutomationFramework.LoadTest01 -->
    </test> <!-- Test -->
  </suite> <!-- Suite -->
</testng-results>
